<?xml version="1.0" encoding="UTF-8"?>
<!-- Generated by org.testng.reporters.JUnitReportReporter -->
<testsuite hostname="LAPTOP-UGLRAHF8" name="Utility.SignIn" tests="1" failures="0" timestamp="1 Jul 2017 03:28:24 GMT" time="1.674" errors="0">
  <testcase name="testGetData" time="1.674" classname="Utility.SignIn"/>
</testsuite> <!-- Utility.SignIn -->
